  0 40736ea65e6f47a7ab0bdcba4146c0d4 Tue 2020-03-17 14:20:59 CET—Tue 2020-03-24 21:37:49 CET
 -1 c8483fdf7e84422b94aa06482974248a Fri 2019-06-21 18:00:18 CEST—Tue 2020-03-17 14:11:40 CET
 -2 08c9109dc47d4f29abc848db0ba7d6fe Tue 2018-08-07 14:34:49 CEST—Fri 2019-06-21 15:01:01 CEST
 -3 f579cdb43cdc457789303079a802fd19 Thu 2018-07-12 10:58:54 CEST—Thu 2018-07-26 09:59:18 CEST
 -4 b22171b913cd4ef4b19b832dc6a89ac4 Fri 2017-08-25 12:19:53 CEST—Tue 2018-07-10 16:15:58 CEST
 -5 e2a1fa215ce14903aab4a9209749fbb1 Thu 2017-07-06 10:49:22 CEST—Fri 2017-08-25 12:16:52 CEST
 -6 7152fee037a147099df7e9ca74e8ac10 Mon 2017-05-29 20:59:37 CEST—Thu 2017-07-06 10:29:35 CEST
 -7 e6f4cb65854e41c4ad207872b3960a07 Mon 2016-07-25 17:31:06 CEST—Mon 2017-05-29 20:59:27 CEST
 -8 7e4160e797d444eba9ce8dbe4a3af930 Thu 2016-06-02 15:03:02 CEST—Sun 2016-07-24 22:00:21 CEST
 -9 ec920478e44b46139b89b5cd6869cc59 Thu 2016-06-02 15:01:32 CEST—Thu 2016-06-02 15:02:53 CEST
-10 5fa25c0384024308925b46b366f32607 Thu 2016-06-02 14:45:20 CEST—Thu 2016-06-02 15:01:23 CEST
-11 b8f5c3304e674c918295258b8381b404 Thu 2016-06-02 14:14:54 CEST—Thu 2016-06-02 14:45:11 CEST
-12 c7f89808d80c4350b7f01962386b8d81 Thu 2016-06-02 13:38:15 CEST—Thu 2016-06-02 14:14:45 CEST
-13 58264c41ca0d45958491963c2da4db55 Thu 2016-06-02 13:35:48 CEST—Thu 2016-06-02 13:37:47 CEST
-14 d00a249a725a45d084ae4fbe302309a2 Thu 2016-06-02 13:28:00 CEST—Thu 2016-06-02 13:35:39 CEST
-15 bf7ac3bd02a6420eb4d5476b0efe8618 Wed 2016-01-06 16:19:32 CET—Thu 2016-06-02 13:27:51 CEST
-16 60bb956d3f694855ac2f90dc3e2dffce Wed 2016-01-06 16:13:52 CET—Wed 2016-01-06 16:19:24 CET
-17 1994a096a35c40e4a187119fab0030f8 Thu 2015-12-03 10:14:21 CET—Wed 2016-01-06 16:13:42 CET
-18 99c075a8fc2741ec9cb17bfc8aadde4f Mon 2015-11-23 17:02:58 CET—Thu 2015-12-03 10:14:12 CET
-19 7b958797f0a749d4ada349c78c85c04a Mon 2015-11-23 14:30:39 CET—Mon 2015-11-23 17:02:49 CET
-20 372413066bb447cf85e996dfd6edb7e2 Mon 2015-11-16 11:02:31 CET—Mon 2015-11-23 14:30:30 CET
-21 15a075631c7f4ff695ba0edbba167ae8 Thu 2015-10-29 15:49:18 CET—Tue 2015-11-10 11:05:01 CET
-22 354620a030aa460baf6023da24f81ec0 Thu 2015-10-29 13:54:15 CET—Thu 2015-10-29 15:49:09 CET
-23 18ba40cc98e14f99a3cc8add14bee7be Thu 2015-10-22 16:01:39 CEST—Thu 2015-10-29 13:54:06 CET
-24 7aebd4c3fd7e4ac1b35c8d66332ee11d Thu 2015-10-22 10:32:28 CEST—Thu 2015-10-22 16:01:30 CEST
-25 4d14243beac34625b04efd5d1e3fdcbe Tue 2015-10-20 14:44:38 CEST—Thu 2015-10-22 10:32:19 CEST
-26 4bdeb82689e84713bfe77558ab7f34fe Tue 2015-10-20 14:40:16 CEST—Tue 2015-10-20 14:44:29 CEST
-27 cc92fbb7f1424ff0a0601b9b0bc60086 Mon 2015-10-19 16:59:59 CEST—Tue 2015-10-20 14:40:07 CEST
-28 82bc261fbf834c7fb913a1e82bfcfee9 Mon 2015-10-19 00:06:34 CEST—Mon 2015-10-19 16:59:51 CEST
-29 454d789e6e0444a6b5726f61a7bddb63 Thu 2015-10-15 17:46:31 CEST—Mon 2015-10-19 00:06:25 CEST
-30 a44cc5a964d745f0bd804d374823a1cc Thu 2015-10-15 11:20:36 CEST—Thu 2015-10-15 17:46:21 CEST
-31 22ca55ec6c7a4e98ab3fbaf2858656bb Mon 2015-10-12 12:27:58 CEST—Wed 2015-10-14 19:01:01 CEST
-32 24b306cd33564d90aabe874b8f15e6d6 Mon 2015-10-12 12:25:12 CEST—Mon 2015-10-12 12:27:49 CEST
-33 f16f66fd7dcb4be188c1a27c770f5999 Thu 2015-10-08 12:23:16 CEST—Mon 2015-10-12 12:25:03 CEST
-34 a58398a5239a49f7a7cd17ddc20f5115 Thu 2015-10-08 11:10:22 CEST—Thu 2015-10-08 12:22:32 CEST
-35 eb0efa1ce1b74520a36265b2862d2fe7 Fri 2015-10-02 10:16:30 CEST—Thu 2015-10-08 11:10:13 CEST
-36 9e6ac92b51e74da494741e0ba06b931f Fri 2015-09-18 23:00:03 CEST—Fri 2015-10-02 10:16:21 CEST
-37 7aaacad9dafb464c998021e71a164ab2 Fri 2015-09-18 16:46:31 CEST—Fri 2015-09-18 22:59:54 CEST
-38 4bf7d2701b22470993361483ddbb9c9b Fri 2015-09-18 15:34:16 CEST—Fri 2015-09-18 16:46:22 CEST
-39 8148c2ee8c6943248d6f0b4c239a9ebc Fri 2015-09-18 15:27:53 CEST—Fri 2015-09-18 15:34:11 CEST
-40 edd67e35576a4a0db3f1ce3eb747b10a Fri 2015-09-18 14:16:49 CEST—Fri 2015-09-18 15:26:39 CEST
-41 021da0f20bc34087bfa16587f6721955 Fri 2015-09-18 11:52:37 CEST—Fri 2015-09-18 14:16:44 CEST
-42 25826bdae56144c0bd30061f68fbd138 Fri 2015-09-18 11:50:34 CEST—Fri 2015-09-18 11:52:31 CEST
-43 4c423fd658e14746b2ce74a48395165b Fri 2015-09-18 11:43:08 CEST—Fri 2015-09-18 11:50:26 CEST
-44 c040c1ff3d8c47da914fb2acd2995a36 Fri 2015-09-18 11:39:55 CEST—Fri 2015-09-18 11:43:03 CEST
-45 9a11688dd201414f83a26e66aa7f90fd Fri 2015-09-18 11:37:00 CEST—Fri 2015-09-18 11:39:50 CEST
-46 ce43608e9d4b4e84a3959a20ee18c821 Fri 2015-09-18 11:30:11 CEST—Fri 2015-09-18 11:36:55 CEST
-47 f050d73d3a3043248fb0a89cb16994ef Fri 2015-09-18 11:24:08 CEST—Fri 2015-09-18 11:30:06 CEST
