  0 ee75bfc61825456598a1ba8ac095c245 Tue 2020-03-24 09:37:31 CET—Tue 2020-03-24 21:37:23 CET
 -1 f717613957144402860f46675e925bcd Mon 2020-03-23 09:06:52 CET—Mon 2020-03-23 22:33:12 CET
 -2 f52e304afac04e05830fa1d092f7ce93 Sun 2020-03-22 12:17:34 CET—Mon 2020-03-23 00:20:14 CET
 -3 7575d05b644345eeb8457c948b5d5e56 Wed 2020-03-11 13:36:43 CET—Wed 2020-03-11 17:11:29 CET
 -4 4bb9df7c0baa40ed805437959b1f66fb Tue 2020-03-10 16:56:03 CET—Tue 2020-03-10 17:03:00 CET
 -5 fd7499a1225540ed93cc0c9faed68f2d Tue 2020-03-10 13:42:56 CET—Tue 2020-03-10 16:55:10 CET
 -6 07e375738d274888ba58b443619bd0a4 Mon 2020-03-09 12:49:34 CET—Mon 2020-03-09 15:33:10 CET
 -7 bc00ea09a306411c98aa2e15616db3e4 Fri 2020-03-06 10:45:57 CET—Fri 2020-03-06 17:54:59 CET
 -8 557d72979fc54594a4db791670c4242f Wed 2020-03-04 16:48:50 CET—Wed 2020-03-04 17:02:15 CET
 -9 844b4adcb3894775abef325a3d123ab7 Wed 2020-03-04 13:43:10 CET—Wed 2020-03-04 16:38:55 CET
-10 bfcd5e4ebd714283957c8120047a324d Tue 2020-03-03 13:35:05 CET—Tue 2020-03-03 16:57:38 CET
-11 3a8bcc27d360490eb66ee234a347b121 Tue 2020-03-03 13:31:06 CET—Tue 2020-03-03 13:34:54 CET
-12 493529f29c78444ca9152d337d3cbab4 Thu 2020-02-27 11:03:05 CET—Mon 2020-03-02 16:23:46 CET
-13 506d86c6eca24e318c2bda3f30a8e2c5 Wed 2020-02-26 13:09:35 CET—Wed 2020-02-26 15:21:01 CET
-14 325fa595bec94e4bb7c942b006e18612 Tue 2020-02-25 13:34:55 CET—Tue 2020-02-25 16:44:52 CET
-15 645eef06fb18440397fbfaf415b05c91 Mon 2020-02-24 12:35:57 CET—Mon 2020-02-24 15:31:34 CET
-16 dd8faf1cf5b54778a3c2e2db14ada424 Wed 2020-02-19 13:42:16 CET—Wed 2020-02-19 16:49:28 CET
-17 011ac9a96b004d459efa723c4749da92 Mon 2020-02-17 12:56:15 CET—Tue 2020-02-18 16:27:22 CET
-18 3c38a0cd30ab4c8096fc23a8a79797ac Wed 2020-02-12 16:39:20 CET—Wed 2020-02-12 16:43:51 CET
-19 3ffadf3367ce4bd68b06b9ab3f5dc677 Wed 2020-02-12 13:40:07 CET—Wed 2020-02-12 16:34:55 CET
-20 27d57f60a23f4148a2a94865d3d12014 Mon 2020-02-10 11:29:31 CET—Mon 2020-02-10 15:32:24 CET
-21 18a0aed7b796492ca01872a1b9d18fc3 Sun 2020-02-09 17:55:14 CET—Sun 2020-02-09 21:25:53 CET
-22 f15a615476e74c2f93f58ab45a8d277b Wed 2019-12-04 15:20:24 CET—Wed 2019-12-04 15:54:04 CET
-23 308d037015f84aefadd3758bda21b389 Tue 2019-11-19 09:19:10 CET—Tue 2019-11-19 18:11:05 CET
-24 2924df9db20640fd942706b680efab4c Fri 2019-10-18 16:10:10 CEST—Fri 2019-10-18 16:43:19 CEST
-25 d0de99a3a2ab4a1eb87deedb1d36aa69 Fri 2019-10-11 09:26:03 CEST—Fri 2019-10-11 09:44:32 CEST
-26 6e4e174fd5a247108ea478092809f16b Mon 2019-09-16 16:13:16 CEST—Mon 2019-09-16 17:13:02 CEST
-27 6bc385a90b8e4f218a8b143a349152a2 Mon 2019-09-16 16:00:44 CEST—Mon 2019-09-16 16:13:08 CEST
-28 23f16a36a7f34b03aeba48b891cbc9f3 Mon 2019-09-16 15:58:11 CEST—Mon 2019-09-16 16:00:14 CEST
-29 694641289cea4cbda62c2c67000f0723 Fri 2016-01-15 13:02:22 CET—Fri 2016-01-15 13:08:16 CET
-30 4eed7e5ce57044379808201b277a9c87 Fri 2016-01-08 16:36:04 CET—Fri 2016-01-08 16:36:47 CET
-31 81cb3b3825d146ddbd70fd5229d44fe6 Fri 2016-01-08 16:17:42 CET—Fri 2016-01-08 16:19:22 CET
-32 46199a0b001548199fd7622352e25344 Fri 2016-01-08 16:10:39 CET—Fri 2016-01-08 16:17:11 CET
-33 ae71d837bce14915af5da82c60e6f524 Fri 2016-01-08 14:58:44 CET—Fri 2016-01-08 15:07:13 CET
-34 d518d44ca3c54f48b01807fdeb2f1f63 Fri 2016-01-08 14:54:34 CET—Fri 2016-01-08 14:57:45 CET
-35 47c587af7bf748c8b62971c4fa960b39 Fri 2016-01-08 14:48:25 CET—Fri 2016-01-08 14:54:12 CET
-36 a812350374a44f8fbc1e92111bdd1082 Fri 2016-01-08 14:33:37 CET—Fri 2016-01-08 14:47:09 CET
-37 8aba308087d04d38a0b2c3d5055230c4 Thu 2015-09-24 10:58:34 CEST—Thu 2015-09-24 11:04:23 CEST
